URL:http://www.henryklahola.nazory.cz/ [411946] -> "www.henryklahola.nazory.cz/index.html" [1]
0 redirections exceeded.
URL:http://www.henryklahola.nazory.cz/Revoluce.htm [1390969] -> "www.henryklahola.nazory.cz/Revoluce.htm" [1]
URL:http://www.henryklahola.nazory.cz/Terapiabuz.htm [1013249] -> "www.henryklahola.nazory.cz/Terapiabuz.htm" [1]
URL:http://www.henryklahola.nazory.cz/Bezdomovci.htm [918804] -> "www.henryklahola.nazory.cz/Bezdomovci.htm" [1]
URL:http://www.henryklahola.nazory.cz/nz.htm [814152] -> "www.henryklahola.nazory.cz/nz.htm" [1]
URL:http://www.henryklahola.nazory.cz/Spravedlivytrest.htm [730698] -> "www.henryklahola.nazory.cz/Spravedlivytrest.htm" [1]
URL:http://www.henryklahola.nazory.cz/Femini.htm [671688] -> "www.henryklahola.nazory.cz/Femini.htm" [1]
URL:http://www.henryklahola.nazory.cz/zi.htm [474151] -> "www.henryklahola.nazory.cz/zi.htm" [1]
URL:http://www.henryklahola.nazory.cz/TT.htm [436899] -> "www.henryklahola.nazory.cz/TT.htm" [1]
URL:http://www.henryklahola.nazory.cz/Ochrnuti.htm [402126] -> "www.henryklahola.nazory.cz/Ochrnuti.htm" [1]
URL:http://www.henryklahola.nazory.cz/Nadvlada.htm [399219] -> "www.henryklahola.nazory.cz/Nadvlada.htm" [1]
URL:http://www.henryklahola.nazory.cz/Klamari.htm [399617] -> "www.henryklahola.nazory.cz/Klamari.htm" [1]
URL:http://www.henryklahola.nazory.cz/Podvodnici.htm [396175] -> "www.henryklahola.nazory.cz/Podvodnici.htm" [1]
URL:http://www.henryklahola.nazory.cz/Bohoclovek.htm [379430] -> "www.henryklahola.nazory.cz/Bohoclovek.htm" [1]
URL:http://www.henryklahola.nazory.cz/jez.htm [369442] -> "www.henryklahola.nazory.cz/jez.htm" [1]
URL:http://www.henryklahola.nazory.cz/Cirkev.htm [307679] -> "www.henryklahola.nazory.cz/Cirkev.htm" [1]
URL:http://www.henryklahola.nazory.cz/Listpapezi.htm [306373] -> "www.henryklahola.nazory.cz/Listpapezi.htm" [1]
URL:http://www.henryklahola.nazory.cz/Bohuzial.htm [291696] -> "www.henryklahola.nazory.cz/Bohuzial.htm" [1]
URL:http://www.henryklahola.nazory.cz/Poradna.htm [285375] -> "www.henryklahola.nazory.cz/Poradna.htm" [1]
URL:http://www.henryklahola.nazory.cz/Bohuzel.htm [284954] -> "www.henryklahola.nazory.cz/Bohuzel.htm" [1]
URL:http://www.henryklahola.nazory.cz/Diplomacia.htm [266484] -> "www.henryklahola.nazory.cz/Diplomacia.htm" [1]
URL:http://www.henryklahola.nazory.cz/Snatek.htm [251823] -> "www.henryklahola.nazory.cz/Snatek.htm" [1]
URL:http://www.henryklahola.nazory.cz/Ocenenie.htm [243807] -> "www.henryklahola.nazory.cz/Ocenenie.htm" [1]
URL:http://www.henryklahola.nazory.cz/Benediktini.htm [239028] -> "www.henryklahola.nazory.cz/Benediktini.htm" [1]
URL:http://www.henryklahola.nazory.cz/Oceneni.htm [239322] -> "www.henryklahola.nazory.cz/Oceneni.htm" [1]
URL:http://www.henryklahola.nazory.cz/Judikat.htm [229805] -> "www.henryklahola.nazory.cz/Judikat.htm" [1]
URL:http://www.henryklahola.nazory.cz/Melcak.htm [175476] -> "www.henryklahola.nazory.cz/Melcak.htm" [1]
URL:http://www.henryklahola.nazory.cz/Anniversary.pps [2497024/2497024] -> "www.henryklahola.nazory.cz/Anniversary.pps" [1]
URL:http://www.henryklahola.nazory.cz/Weby.htm [27072] -> "www.henryklahola.nazory.cz/Weby.htm" [1]
URL:http://www.henryklahola.nazory.cz/KLEMENT13AS1759CZ.htm [7695] -> "www.henryklahola.nazory.cz/KLEMENT13AS1759CZ.htm" [1]
URL:http://www.henryklahola.nazory.cz/GREGOR16MV1832PL.htm [43640] -> "www.henryklahola.nazory.cz/GREGOR16MV1832PL.htm" [1]
URL:http://www.henryklahola.nazory.cz/PIUS9QC1864CZ.htm [32654] -> "www.henryklahola.nazory.cz/PIUS9QC1864CZ.htm" [1]
URL:http://www.henryklahola.nazory.cz/PIUS9PA1870CZ.htm [39862] -> "www.henryklahola.nazory.cz/PIUS9PA1870CZ.htm" [1]
URL:http://www.henryklahola.nazory.cz/LEO13ADS1880PL.htm [64068] -> "www.henryklahola.nazory.cz/LEO13ADS1880PL.htm" [1]
URL:http://www.henryklahola.nazory.cz/LEO13HG1884CZ.htm [73684] -> "www.henryklahola.nazory.cz/LEO13HG1884CZ.htm" [1]
URL:http://www.henryklahola.nazory.cz/PIUS10PDG1907CZ.htm [151684] -> "www.henryklahola.nazory.cz/PIUS10PDG1907CZ.htm" [1]
URL:http://www.henryklahola.nazory.cz/PIUS10HA1908SK.htm [67340] -> "www.henryklahola.nazory.cz/PIUS10HA1908SK.htm" [1]
URL:http://www.henryklahola.nazory.cz/PIUS10SA1910CZ.htm [12464] -> "www.henryklahola.nazory.cz/PIUS10SA1910CZ.htm" [1]
URL:http://www.henryklahola.nazory.cz/PIUS11DIM1929CZ.htm [154688] -> "www.henryklahola.nazory.cz/PIUS11DIM1929CZ.htm" [1]
URL:http://www.henryklahola.nazory.cz/PIUS11CC1930CZ.htm [157466] -> "www.henryklahola.nazory.cz/PIUS11CC1930CZ.htm" [1]
URL:http://www.henryklahola.nazory.cz/PIUS11NAB1931SK.htm [64693] -> "www.henryklahola.nazory.cz/PIUS11NAB1931SK.htm" [1]
URL:http://www.henryklahola.nazory.cz/PIUS11CChC1932CZ.htm [41370] -> "www.henryklahola.nazory.cz/PIUS11CChC1932CZ.htm" [1]
URL:http://www.henryklahola.nazory.cz/PIUS11ACS1935SK.htm [121434] -> "www.henryklahola.nazory.cz/PIUS11ACS1935SK.htm" [1]
URL:http://www.henryklahola.nazory.cz/PIUS11VC1936CZ.htm [38973] -> "www.henryklahola.nazory.cz/PIUS11VC1936CZ.htm" [1]
URL:http://www.henryklahola.nazory.cz/PIUS11MBS1937SK.htm [69142] -> "www.henryklahola.nazory.cz/PIUS11MBS1937SK.htm" [1]
URL:http://www.henryklahola.nazory.cz/PIUS12MN1950SK.htm [107582] -> "www.henryklahola.nazory.cz/PIUS12MN1950SK.htm" [1]
URL:http://www.henryklahola.nazory.cz/JAN23SNP1959SK.htm [79628] -> "www.henryklahola.nazory.cz/JAN23SNP1959SK.htm" [1]
URL:http://www.henryklahola.nazory.cz/JAN23PIT1963CZ.htm [141662] -> "www.henryklahola.nazory.cz/JAN23PIT1963CZ.htm" [1]
URL:http://www.henryklahola.nazory.cz/JANPAVEL2DV1987CZ.htm [79742] -> "www.henryklahola.nazory.cz/JANPAVEL2DV1987CZ.htm" [1]
URL:http://www.henryklahola.nazory.cz/JANPAVEL2VS1993CZ.htm [338749] -> "www.henryklahola.nazory.cz/JANPAVEL2VS1993CZ.htm" [1]
URL:http://www.henryklahola.nazory.cz/Nezmaterialy.html [20324] -> "www.henryklahola.nazory.cz/Nezmaterialy.html" [1]
URL:http://www.henryklahola.nazory.cz/Genocida.html [39113] -> "www.henryklahola.nazory.cz/Genocida.html" [1]
URL:http://www.henryklahola.nazory.cz/Abortion040831.html [33793] -> "www.henryklahola.nazory.cz/Abortion040831.html" [1]
URL:http://www.henryklahola.nazory.cz/Abortion050212.htm [48299] -> "www.henryklahola.nazory.cz/Abortion050212.htm" [1]
URL:http://www.henryklahola.nazory.cz/Abortion050826.html [58696] -> "www.henryklahola.nazory.cz/Abortion050826.html" [1]
URL:http://www.henryklahola.nazory.cz/Abortion070613.htm [48448] -> "www.henryklahola.nazory.cz/Abortion070613.htm" [1]
URL:http://www.henryklahola.nazory.cz/Abortion081128.html [26065] -> "www.henryklahola.nazory.cz/Abortion081128.html" [1]
URL:http://www.henryklahola.nazory.cz/Hans.html [13104] -> "www.henryklahola.nazory.cz/Hans.html" [1]
URL:http://www.henryklahola.nazory.cz/Postihnutedeti.html [34793] -> "www.henryklahola.nazory.cz/Postihnutedeti.html" [1]
URL:http://www.henryklahola.nazory.cz/Buzadopce.htm [39435] -> "www.henryklahola.nazory.cz/Buzadopce.htm" [1]
URL:http://www.henryklahola.nazory.cz/Polsko.html [15198] -> "www.henryklahola.nazory.cz/Polsko.html" [1]
URL:http://www.henryklahola.nazory.cz/Peticezadeti.htm [8306] -> "www.henryklahola.nazory.cz/Peticezadeti.htm" [1]
URL:http://www.henryklahola.nazory.cz/Zvirata.html [34818] -> "www.henryklahola.nazory.cz/Zvirata.html" [1]
URL:http://www.henryklahola.nazory.cz/Zvierata.html [35198] -> "www.henryklahola.nazory.cz/Zvierata.html" [1]
URL:http://www.henryklahola.nazory.cz/Papst.html [23698] -> "www.henryklahola.nazory.cz/Papst.html" [1]
URL:http://www.henryklahola.nazory.cz/eutzivot.html [37495] -> "www.henryklahola.nazory.cz/eutzivot.html" [1]
URL:http://www.henryklahola.nazory.cz/eutosl.html [58103] -> "www.henryklahola.nazory.cz/eutosl.html" [1]
URL:http://www.henryklahola.nazory.cz/Rodina.html [16500] -> "www.henryklahola.nazory.cz/Rodina.html" [1]
URL:http://www.henryklahola.nazory.cz/Slovrodina.html [37250] -> "www.henryklahola.nazory.cz/Slovrodina.html" [1]
URL:http://www.henryklahola.nazory.cz/Protiotroctvi.htm [29529] -> "www.henryklahola.nazory.cz/Protiotroctvi.htm" [1]
URL:http://www.henryklahola.nazory.cz/Manzelstvi.html [12414] -> "www.henryklahola.nazory.cz/Manzelstvi.html" [1]
URL:http://www.henryklahola.nazory.cz/Patek.html [12532] -> "www.henryklahola.nazory.cz/Patek.html" [1]
URL:http://www.henryklahola.nazory.cz/Arnika.html [21459] -> "www.henryklahola.nazory.cz/Arnika.html" [1]
URL:http://www.henryklahola.nazory.cz/Stromy.html [19760] -> "www.henryklahola.nazory.cz/Stromy.html" [1]
URL:http://www.henryklahola.nazory.cz/Petkosovo.htm [30832] -> "www.henryklahola.nazory.cz/Petkosovo.htm" [1]
URL:http://www.henryklahola.nazory.cz/oKosmetu.htm [161681] -> "www.henryklahola.nazory.cz/oKosmetu.htm" [1]
URL:http://www.henryklahola.nazory.cz/Kosovo.htm [51509] -> "www.henryklahola.nazory.cz/Kosovo.htm" [1]
URL:http://www.henryklahola.nazory.cz/Cbelous.htm [27184] -> "www.henryklahola.nazory.cz/Cbelous.htm" [1]
URL:http://www.henryklahola.nazory.cz/Sbelous.htm [27408] -> "www.henryklahola.nazory.cz/Sbelous.htm" [1]
URL:http://www.henryklahola.nazory.cz/Cechsrb.htm [19974] -> "www.henryklahola.nazory.cz/Cechsrb.htm" [1]
URL:http://www.henryklahola.nazory.cz/Feminpodvod.htm [59608] -> "www.henryklahola.nazory.cz/Feminpodvod.htm" [1]
URL:http://www.henryklahola.nazory.cz/Weisz.htm [38702] -> "www.henryklahola.nazory.cz/Weisz.htm" [1]
URL:http://www.henryklahola.nazory.cz/Smlouvy.htm [64269] -> "www.henryklahola.nazory.cz/Smlouvy.htm" [1]
URL:http://www.henryklahola.nazory.cz/Holky.htm [33722] -> "www.henryklahola.nazory.cz/Holky.htm" [1]
URL:http://www.henryklahola.nazory.cz/Politickyvezen2010.htm [51629] -> "www.henryklahola.nazory.cz/Politickyvezen2010.htm" [1]
URL:http://www.henryklahola.nazory.cz/Kaczy.htm [11677] -> "www.henryklahola.nazory.cz/Kaczy.htm" [1]
URL:http://www.henryklahola.nazory.cz/Delnickastrana.htm [45217] -> "www.henryklahola.nazory.cz/Delnickastrana.htm" [1]
URL:http://www.henryklahola.nazory.cz/Kocab.htm [42428] -> "www.henryklahola.nazory.cz/Kocab.htm" [1]
URL:http://www.henryklahola.nazory.cz/Horor.htm [22789] -> "www.henryklahola.nazory.cz/Horor.htm" [1]
URL:http://www.henryklahola.nazory.cz/ReginavonHabsburg.htm [80305] -> "www.henryklahola.nazory.cz/ReginavonHabsburg.htm" [1]
URL:http://www.henryklahola.nazory.cz/Extremistickyrezim.htm [146117] -> "www.henryklahola.nazory.cz/Extremistickyrezim.htm" [1]
URL:http://www.henryklahola.nazory.cz/Dusek.htm [28089] -> "www.henryklahola.nazory.cz/Dusek.htm" [1]
URL:http://www.henryklahola.nazory.cz/Treblinka.htm [16509] -> "www.henryklahola.nazory.cz/Treblinka.htm" [1]
URL:http://www.henryklahola.nazory.cz/Poradek.htm [18811] -> "www.henryklahola.nazory.cz/Poradek.htm" [1]
URL:http://www.henryklahola.nazory.cz/Ashton.htm [35253] -> "www.henryklahola.nazory.cz/Ashton.htm" [1]
URL:http://www.henryklahola.nazory.cz/Europrezident.htm [14174] -> "www.henryklahola.nazory.cz/Europrezident.htm" [1]
URL:http://www.henryklahola.nazory.cz/Hybaskova.htm [36471] -> "www.henryklahola.nazory.cz/Hybaskova.htm" [1]
URL:http://www.henryklahola.nazory.cz/Kolbe.htm [27802] -> "www.henryklahola.nazory.cz/Kolbe.htm" [1]
URL:http://www.henryklahola.nazory.cz/Miklosko.htm [50886] -> "www.henryklahola.nazory.cz/Miklosko.htm" [1]
URL:http://www.henryklahola.nazory.cz/Prescas.htm [70475] -> "www.henryklahola.nazory.cz/Prescas.htm" [1]
URL:http://www.henryklahola.nazory.cz/Komparace.htm [19632] -> "www.henryklahola.nazory.cz/Komparace.htm" [1]
URL:http://www.henryklahola.nazory.cz/Vdaka.htm [10141] -> "www.henryklahola.nazory.cz/Vdaka.htm" [1]
URL:http://www.henryklahola.nazory.cz/Zamysleni.htm [7504] -> "www.henryklahola.nazory.cz/Zamysleni.htm" [1]
URL:http://www.henryklahola.nazory.cz/Poustevnici.htm [14773] -> "www.henryklahola.nazory.cz/Poustevnici.htm" [1]
URL:http://www.henryklahola.nazory.cz/Raj.htm [21398] -> "www.henryklahola.nazory.cz/Raj.htm" [1]
URL:http://www.henryklahola.nazory.cz/Drevorubec.htm [17564] -> "www.henryklahola.nazory.cz/Drevorubec.htm" [1]
URL:http://www.henryklahola.nazory.cz/Dokonalost.htm [24738] -> "www.henryklahola.nazory.cz/Dokonalost.htm" [1]
URL:http://www.henryklahola.nazory.cz/Zrcadlo.htm [99261] -> "www.henryklahola.nazory.cz/Zrcadlo.htm" [1]
URL:http://www.henryklahola.nazory.cz/Pronasledovani.htm [17337] -> "www.henryklahola.nazory.cz/Pronasledovani.htm" [1]
URL:http://www.henryklahola.nazory.cz/PronasledovaniGB.htm [29517] -> "www.henryklahola.nazory.cz/PronasledovaniGB.htm" [1]
URL:http://www.henryklahola.nazory.cz/buz.htm [41754] -> "www.henryklahola.nazory.cz/buz.htm" [1]
URL:http://www.henryklahola.nazory.cz/Moddej.htm [41481] -> "www.henryklahola.nazory.cz/Moddej.htm" [1]
URL:http://www.henryklahola.nazory.cz/Williamson.htm [48380] -> "www.henryklahola.nazory.cz/Williamson.htm" [1]
URL:http://www.henryklahola.nazory.cz/Hanobeni.htm [13571] -> "www.henryklahola.nazory.cz/Hanobeni.htm" [1]
URL:http://www.henryklahola.nazory.cz/Antidisk.htm [12723] -> "www.henryklahola.nazory.cz/Antidisk.htm" [1]
URL:http://www.henryklahola.nazory.cz/Vira.htm [67786] -> "www.henryklahola.nazory.cz/Vira.htm" [1]
URL:http://www.henryklahola.nazory.cz/Stvoritel.htm [65996] -> "www.henryklahola.nazory.cz/Stvoritel.htm" [1]
URL:http://www.henryklahola.nazory.cz/Kreator.htm [51451] -> "www.henryklahola.nazory.cz/Kreator.htm" [1]
URL:http://www.henryklahola.nazory.cz/Duse.htm [105878] -> "www.henryklahola.nazory.cz/Duse.htm" [1]
URL:http://www.henryklahola.nazory.cz/Intelektual.htm [109980] -> "www.henryklahola.nazory.cz/Intelektual.htm" [1]
URL:http://www.henryklahola.nazory.cz/Kosmos.htm [76986] -> "www.henryklahola.nazory.cz/Kosmos.htm" [1]
URL:http://www.henryklahola.nazory.cz/Nesmrtelnost.htm [87726] -> "www.henryklahola.nazory.cz/Nesmrtelnost.htm" [1]
URL:http://www.henryklahola.nazory.cz/Peklo.htm [111794] -> "www.henryklahola.nazory.cz/Peklo.htm" [1]
URL:http://www.henryklahola.nazory.cz/Leben.htm [115127] -> "www.henryklahola.nazory.cz/Leben.htm" [1]
URL:http://www.henryklahola.nazory.cz/Kristus.htm [135206] -> "www.henryklahola.nazory.cz/Kristus.htm" [1]
URL:http://www.henryklahola.nazory.cz/Zjeveni.htm [117024] -> "www.henryklahola.nazory.cz/Zjeveni.htm" [1]
URL:http://www.henryklahola.nazory.cz/Vykoupeni.htm [87717] -> "www.henryklahola.nazory.cz/Vykoupeni.htm" [1]
URL:http://www.henryklahola.nazory.cz/Maria.htm [133752] -> "www.henryklahola.nazory.cz/Maria.htm" [1]
URL:http://www.henryklahola.nazory.cz/Dodatky.htm [21321] -> "www.henryklahola.nazory.cz/Dodatky.htm" [1]
URL:http://www.henryklahola.nazory.cz/Existencia.htm [33744] -> "www.henryklahola.nazory.cz/Existencia.htm" [1]
URL:http://www.henryklahola.nazory.cz/Stvorenie.htm [35354] -> "www.henryklahola.nazory.cz/Stvorenie.htm" [1]
URL:http://www.henryklahola.nazory.cz/JanHus.htm [46998] -> "www.henryklahola.nazory.cz/JanHus.htm" [1]
URL:http://www.henryklahola.nazory.cz/Inkvizice.htm [61448] -> "www.henryklahola.nazory.cz/Inkvizice.htm" [1]
URL:http://www.henryklahola.nazory.cz/Zmrtvychvstanie.htm [38933] -> "www.henryklahola.nazory.cz/Zmrtvychvstanie.htm" [1]
URL:http://www.henryklahola.nazory.cz/Nasazem.htm [26276] -> "www.henryklahola.nazory.cz/Nasazem.htm" [1]
URL:http://www.henryklahola.nazory.cz/Laplace.htm [47079] -> "www.henryklahola.nazory.cz/Laplace.htm" [1]
URL:http://www.henryklahola.nazory.cz/Materiesveta.htm [22041] -> "www.henryklahola.nazory.cz/Materiesveta.htm" [1]
URL:http://www.henryklahola.nazory.cz/Zivebyti.htm [34038] -> "www.henryklahola.nazory.cz/Zivebyti.htm" [1]
URL:http://www.henryklahola.nazory.cz/Ateiste.htm [20812] -> "www.henryklahola.nazory.cz/Ateiste.htm" [1]
URL:http://www.henryklahola.nazory.cz/Rostliny.htm [20043] -> "www.henryklahola.nazory.cz/Rostliny.htm" [1]
URL:http://www.henryklahola.nazory.cz/Bakterie.htm [35094] -> "www.henryklahola.nazory.cz/Bakterie.htm" [1]
URL:http://www.henryklahola.nazory.cz/Prislovi.htm [38853] -> "www.henryklahola.nazory.cz/Prislovi.htm" [1]
URL:http://www.henryklahola.nazory.cz/Kosti.htm [35720] -> "www.henryklahola.nazory.cz/Kosti.htm" [1]
URL:http://www.henryklahola.nazory.cz/Pepsin.htm [21135] -> "www.henryklahola.nazory.cz/Pepsin.htm" [1]
URL:http://www.henryklahola.nazory.cz/Skrst.htm [10757] -> "www.henryklahola.nazory.cz/Skrst.htm" [1]
URL:http://www.henryklahola.nazory.cz/Pokrst.htm [11298] -> "www.henryklahola.nazory.cz/Pokrst.htm" [1]
URL:http://www.henryklahola.nazory.cz/Druhe.htm [12637] -> "www.henryklahola.nazory.cz/Druhe.htm" [1]
URL:http://www.henryklahola.nazory.cz/treti.htm [17139] -> "www.henryklahola.nazory.cz/treti.htm" [1]
URL:http://www.henryklahola.nazory.cz/birm.htm [19045] -> "www.henryklahola.nazory.cz/birm.htm" [1]
URL:http://www.henryklahola.nazory.cz/berl.htm [28828] -> "www.henryklahola.nazory.cz/berl.htm" [1]
URL:http://www.henryklahola.nazory.cz/sluha.htm [14197] -> "www.henryklahola.nazory.cz/sluha.htm" [1]
URL:http://www.henryklahola.nazory.cz/cirk.htm [18798] -> "www.henryklahola.nazory.cz/cirk.htm" [1]
URL:http://www.henryklahola.nazory.cz/euchar.htm [14991] -> "www.henryklahola.nazory.cz/euchar.htm" [1]
URL:http://www.henryklahola.nazory.cz/omsa.htm [16729] -> "www.henryklahola.nazory.cz/omsa.htm" [1]
URL:http://www.henryklahola.nazory.cz/Filo.htm [6732] -> "www.henryklahola.nazory.cz/Filo.htm" [1]
URL:http://www.henryklahola.nazory.cz/Aram.html [10133] -> "www.henryklahola.nazory.cz/Aram.html" [1]
URL:http://www.henryklahola.nazory.cz/Grk.html [8744] -> "www.henryklahola.nazory.cz/Grk.html" [1]
URL:http://www.henryklahola.nazory.cz/Latina.htm [19014] -> "www.henryklahola.nazory.cz/Latina.htm" [1]
URL:http://www.henryklahola.nazory.cz/Ital.htm [15101] -> "www.henryklahola.nazory.cz/Ital.htm" [1]
URL:http://www.henryklahola.nazory.cz/Port.htm [15436] -> "www.henryklahola.nazory.cz/Port.htm" [1]
URL:http://www.henryklahola.nazory.cz/Span.htm [19042] -> "www.henryklahola.nazory.cz/Span.htm" [1]
URL:http://www.henryklahola.nazory.cz/France.htm [17881] -> "www.henryklahola.nazory.cz/France.htm" [1]
URL:http://www.henryklahola.nazory.cz/Engl.htm [24962] -> "www.henryklahola.nazory.cz/Engl.htm" [1]
URL:http://www.henryklahola.nazory.cz/Germ.htm [23525] -> "www.henryklahola.nazory.cz/Germ.htm" [1]
URL:http://www.henryklahola.nazory.cz/Mag.htm [15444] -> "www.henryklahola.nazory.cz/Mag.htm" [1]
URL:http://www.henryklahola.nazory.cz/Cro.htm [19995] -> "www.henryklahola.nazory.cz/Cro.htm" [1]
URL:http://www.henryklahola.nazory.cz/PLL.htm [19603] -> "www.henryklahola.nazory.cz/PLL.htm" [1]
URL:http://www.henryklahola.nazory.cz/Ser.htm [23779] -> "www.henryklahola.nazory.cz/Ser.htm" [1]
URL:http://www.henryklahola.nazory.cz/hin.htm [10892] -> "www.henryklahola.nazory.cz/hin.htm" [1]
URL:http://www.henryklahola.nazory.cz/jap.html [11747] -> "www.henryklahola.nazory.cz/jap.html" [1]
URL:http://www.henryklahola.nazory.cz/Rus.htm [18944] -> "www.henryklahola.nazory.cz/Rus.htm" [1]
URL:http://www.henryklahola.nazory.cz/fran.htm [120360] -> "www.henryklahola.nazory.cz/fran.htm" [1]
URL:http://www.henryklahola.nazory.cz/domi.htm [61117] -> "www.henryklahola.nazory.cz/domi.htm" [1]
URL:http://www.henryklahola.nazory.cz/Praem.htm [39740] -> "www.henryklahola.nazory.cz/Praem.htm" [1]
URL:http://www.henryklahola.nazory.cz/Salesiani.htm [90056] -> "www.henryklahola.nazory.cz/Salesiani.htm" [1]
URL:http://www.henryklahola.nazory.cz/Benedikt.htm [5264] -> "www.henryklahola.nazory.cz/Benedikt.htm" [1]
URL:http://www.henryklahola.nazory.cz/Modlitba.htm [7580] -> "www.henryklahola.nazory.cz/Modlitba.htm" [1]
URL:http://www.henryklahola.nazory.cz/Kardinali.htm [13596] -> "www.henryklahola.nazory.cz/Kardinali.htm" [1]
URL:http://www.henryklahola.nazory.cz/Vatikan.htm [51181] -> "www.henryklahola.nazory.cz/Vatikan.htm" [1]
URL:http://www.henryklahola.nazory.cz/Milost.htm [109002] -> "www.henryklahola.nazory.cz/Milost.htm" [1]
URL:http://www.henryklahola.nazory.cz/Svatosti.htm [110692] -> "www.henryklahola.nazory.cz/Svatosti.htm" [1]
URL:http://www.henryklahola.nazory.cz/Caccia.htm [5247] -> "www.henryklahola.nazory.cz/Caccia.htm" [1]
URL:http://www.henryklahola.nazory.cz/PIUSVCZ.htm [11128] -> "www.henryklahola.nazory.cz/PIUSVCZ.htm" [1]
URL:http://www.henryklahola.nazory.cz/PIUSVSK.htm [11856] -> "www.henryklahola.nazory.cz/PIUSVSK.htm" [1]
URL:http://www.henryklahola.nazory.cz/Memorandum.htm [36267] -> "www.henryklahola.nazory.cz/Memorandum.htm" [1]
URL:http://www.henryklahola.nazory.cz/the.htm [5852] -> "www.henryklahola.nazory.cz/the.htm" [1]
URL:http://www.henryklahola.nazory.cz/islam.htm [99089] -> "www.henryklahola.nazory.cz/islam.htm" [1]
URL:http://www.henryklahola.nazory.cz/Zidsvatky.htm [52883] -> "www.henryklahola.nazory.cz/Zidsvatky.htm" [1]
URL:http://www.henryklahola.nazory.cz/VaclavMaly.htm [18145] -> "www.henryklahola.nazory.cz/VaclavMaly.htm" [1]
URL:http://www.henryklahola.nazory.cz/vra.htm [33975] -> "www.henryklahola.nazory.cz/vra.htm" [1]
URL:http://www.henryklahola.nazory.cz/Pohrbivani.htm [7353] -> "www.henryklahola.nazory.cz/Pohrbivani.htm" [1]
Read error (Connection reset by peer) in headers.
URL:http://www.henryklahola.nazory.cz/Chaput.htm [7505] -> "www.henryklahola.nazory.cz/Chaput.htm" [2]
URL:http://www.henryklahola.nazory.cz/Vrazdy.htm [13488] -> "www.henryklahola.nazory.cz/Vrazdy.htm" [1]
URL:http://www.henryklahola.nazory.cz/smr.htm [52346] -> "www.henryklahola.nazory.cz/smr.htm" [1]
URL:http://www.henryklahola.nazory.cz/Abaffy.htm [12250] -> "www.henryklahola.nazory.cz/Abaffy.htm" [1]
URL:http://www.henryklahola.nazory.cz/Didache.htm [20785] -> "www.henryklahola.nazory.cz/Didache.htm" [1]
URL:http://www.henryklahola.nazory.cz/Antifeminist.htm [43404] -> "www.henryklahola.nazory.cz/Antifeminist.htm" [1]
URL:http://www.henryklahola.nazory.cz/Fe.htm [83932] -> "www.henryklahola.nazory.cz/Fe.htm" [1]
URL:http://www.henryklahola.nazory.cz/pohl.htm [83334] -> "www.henryklahola.nazory.cz/pohl.htm" [1]
URL:http://www.henryklahola.nazory.cz/utis.htm [35718] -> "www.henryklahola.nazory.cz/utis.htm" [1]
URL:http://www.henryklahola.nazory.cz/man.html [67503] -> "www.henryklahola.nazory.cz/man.html" [1]
URL:http://www.henryklahola.nazory.cz/Palinova.htm [11624] -> "www.henryklahola.nazory.cz/Palinova.htm" [1]
URL:http://www.henryklahola.nazory.cz/President.htm [109723] -> "www.henryklahola.nazory.cz/President.htm" [1]
URL:http://www.henryklahola.nazory.cz/Cohen.htm [15144] -> "www.henryklahola.nazory.cz/Cohen.htm" [1]
URL:http://www.henryklahola.nazory.cz/Vyleceny.htm [14226] -> "www.henryklahola.nazory.cz/Vyleceny.htm" [1]
URL:http://www.henryklahola.nazory.cz/Vylieceny.htm [9970] -> "www.henryklahola.nazory.cz/Vylieceny.htm" [1]
URL:http://www.henryklahola.nazory.cz/sex.htm [16005] -> "www.henryklahola.nazory.cz/sex.htm" [1]
URL:http://www.henryklahola.nazory.cz/Buzer.htm [34174] -> "www.henryklahola.nazory.cz/Buzer.htm" [1]
URL:http://www.henryklahola.nazory.cz/Vtipy.htm [40025] -> "www.henryklahola.nazory.cz/Vtipy.htm" [1]
URL:http://www.henryklahola.nazory.cz/Lekarzy.htm [51201] -> "www.henryklahola.nazory.cz/Lekarzy.htm" [1]
URL:http://www.henryklahola.nazory.cz/Slobodomurari.htm [79863] -> "www.henryklahola.nazory.cz/Slobodomurari.htm" [1]
URL:http://www.henryklahola.nazory.cz/Demokracia.htm [28244] -> "www.henryklahola.nazory.cz/Demokracia.htm" [1]
URL:http://www.henryklahola.nazory.cz/Masmedia.htm [39136] -> "www.henryklahola.nazory.cz/Masmedia.htm" [1]
URL:http://www.henryklahola.nazory.cz/ceskybrak.htm [54068] -> "www.henryklahola.nazory.cz/ceskybrak.htm" [1]
URL:http://www.henryklahola.nazory.cz/Prasecichripka.htm [55963] -> "www.henryklahola.nazory.cz/Prasecichripka.htm" [1]
URL:http://www.henryklahola.nazory.cz/Droga.htm [111677] -> "www.henryklahola.nazory.cz/Droga.htm" [1]
URL:http://www.henryklahola.nazory.cz/ksl.htm [28009] -> "www.henryklahola.nazory.cz/ksl.htm" [1]
URL:http://www.henryklahola.nazory.cz/skok.htm [10386] -> "www.henryklahola.nazory.cz/skok.htm" [1]
URL:http://www.henryklahola.nazory.cz/kar.htm [53195] -> "www.henryklahola.nazory.cz/kar.htm" [1]
URL:http://www.henryklahola.nazory.cz/Vyta.htm [15459] -> "www.henryklahola.nazory.cz/Vyta.htm" [1]
URL:http://www.henryklahola.nazory.cz/Kone.htm [90212] -> "www.henryklahola.nazory.cz/Kone.htm" [1]
URL:http://www.henryklahola.nazory.cz/vylbud.htm [25055] -> "www.henryklahola.nazory.cz/vylbud.htm" [1]
URL:http://www.henryklahola.nazory.cz/Psi.htm [125371] -> "www.henryklahola.nazory.cz/Psi.htm" [1]
URL:http://www.henryklahola.nazory.cz/Vernar.htm [16886] -> "www.henryklahola.nazory.cz/Vernar.htm" [1]
URL:http://www.henryklahola.nazory.cz/Kockovite.htm [111341] -> "www.henryklahola.nazory.cz/Kockovite.htm" [1]
URL:http://www.henryklahola.nazory.cz/Opice.htm [59318] -> "www.henryklahola.nazory.cz/Opice.htm" [1]
URL:http://www.henryklahola.nazory.cz/Slep.htm [63626] -> "www.henryklahola.nazory.cz/Slep.htm" [1]
URL:http://www.henryklahola.nazory.cz/Numis.htm [47404] -> "www.henryklahola.nazory.cz/Numis.htm" [1]
URL:http://www.henryklahola.nazory.cz/Slovkuch.htm [83051] -> "www.henryklahola.nazory.cz/Slovkuch.htm" [1]
URL:http://www.henryklahola.nazory.cz/Heribert.htm [98433] -> "www.henryklahola.nazory.cz/Heribert.htm" [1]
URL:http://www.henryklahola.nazory.cz/Ko.htm [63025] -> "www.henryklahola.nazory.cz/Ko.htm" [1]
URL:http://www.henryklahola.nazory.cz/Ma.htm [80957] -> "www.henryklahola.nazory.cz/Ma.htm" [1]
URL:http://www.henryklahola.nazory.cz/Reakce.htm [159382] -> "www.henryklahola.nazory.cz/Reakce.htm" [1]
URL:http://www.henryklahola.nazory.cz/Kalendar.htm [28512] -> "www.henryklahola.nazory.cz/Kalendar.htm" [1]
URL:http://www.henryklahola.nazory.cz/Sedmidenni.htm [46444] -> "www.henryklahola.nazory.cz/Sedmidenni.htm" [1]
URL:http://www.henryklahola.nazory.cz/Polikapit.htm [75242] -> "www.henryklahola.nazory.cz/Polikapit.htm" [1]
URL:http://www.henryklahola.nazory.cz/De.htm [30441] -> "www.henryklahola.nazory.cz/De.htm" [1]
URL:http://www.henryklahola.nazory.cz/Pohreb.htm [42700] -> "www.henryklahola.nazory.cz/Pohreb.htm" [1]
URL:http://www.henryklahola.nazory.cz/Dve.htm [51278] -> "www.henryklahola.nazory.cz/Dve.htm" [1]
URL:http://www.henryklahola.nazory.cz/jug.htm [75233] -> "www.henryklahola.nazory.cz/jug.htm" [1]
URL:http://www.henryklahola.nazory.cz/Pavlik.htm [53775] -> "www.henryklahola.nazory.cz/Pavlik.htm" [1]
URL:http://www.henryklahola.nazory.cz/Predinsky.htm [19035] -> "www.henryklahola.nazory.cz/Predinsky.htm" [1]
URL:http://www.henryklahola.nazory.cz/Paumer.htm [41000] -> "www.henryklahola.nazory.cz/Paumer.htm" [1]
URL:http://www.henryklahola.nazory.cz/Gibson.htm [15764] -> "www.henryklahola.nazory.cz/Gibson.htm" [1]
URL:http://www.henryklahola.nazory.cz/Matlary.htm [14588] -> "www.henryklahola.nazory.cz/Matlary.htm" [1]
URL:http://www.henryklahola.nazory.cz/Batinic.htm [21484] -> "www.henryklahola.nazory.cz/Batinic.htm" [1]
URL:http://www.henryklahola.nazory.cz/Vlcnov.htm [26255] -> "www.henryklahola.nazory.cz/Vlcnov.htm" [1]
URL:http://www.henryklahola.nazory.cz/Skhodnosti.htm [156370] -> "www.henryklahola.nazory.cz/Skhodnosti.htm" [1]
URL:http://www.henryklahola.nazory.cz/Czhodnosti.htm [154021] -> "www.henryklahola.nazory.cz/Czhodnosti.htm" [1]
URL:http://www.henryklahola.nazory.cz/Novela131.2002.htm [88685] -> "www.henryklahola.nazory.cz/Novela131.2002.htm" [1]
URL:http://www.henryklahola.nazory.cz/Novela111.1998.htm [87106] -> "www.henryklahola.nazory.cz/Novela111.1998.htm" [1]
URL:http://www.henryklahola.nazory.cz/Poradi.html [35620] -> "www.henryklahola.nazory.cz/Poradi.html" [1]
URL:http://www.henryklahola.nazory.cz/Zmeny.html [16406] -> "www.henryklahola.nazory.cz/Zmeny.html" [1]
URL:http://www.henryklahola.nazory.cz/pfsez.htm [1449212] -> "www.henryklahola.nazory.cz/pfsez.htm" [1]
URL:http://www.henryklahola.nazory.cz/ffsez.htm [796576] -> "www.henryklahola.nazory.cz/ffsez.htm" [1]
URL:http://www.henryklahola.nazory.cz/Wikipedia.htm [34165] -> "www.henryklahola.nazory.cz/Wikipedia.htm" [1]
URL:http://www.henryklahola.nazory.cz/Pohlova.htm [38072] -> "www.henryklahola.nazory.cz/Pohlova.htm" [1]
URL:http://www.henryklahola.nazory.cz/Prijimaci.htm [12457] -> "www.henryklahola.nazory.cz/Prijimaci.htm" [1]
URL:http://www.henryklahola.nazory.cz/uni.htm [56066] -> "www.henryklahola.nazory.cz/uni.htm" [1]
URL:http://www.henryklahola.nazory.cz/Vetrnik.htm [67969] -> "www.henryklahola.nazory.cz/Vetrnik.htm" [1]
URL:http://www.henryklahola.nazory.cz/Beletrie.htm [76007] -> "www.henryklahola.nazory.cz/Beletrie.htm" [1]
URL:http://www.henryklahola.nazory.cz/Slovspis.htm [51885] -> "www.henryklahola.nazory.cz/Slovspis.htm" [1]
URL:http://www.henryklahola.nazory.cz/stud.htm [84483] -> "www.henryklahola.nazory.cz/stud.htm" [1]
URL:http://www.henryklahola.nazory.cz/Klaus.htm [5269] -> "www.henryklahola.nazory.cz/Klaus.htm" [1]
URL:http://www.henryklahola.nazory.cz/Paroubek.htm [5300] -> "www.henryklahola.nazory.cz/Paroubek.htm" [1]
URL:http://www.henryklahola.nazory.cz/Demvol.htm [15502] -> "www.henryklahola.nazory.cz/Demvol.htm" [1]
URL:http://www.henryklahola.nazory.cz/Komise.htm [36389] -> "www.henryklahola.nazory.cz/Komise.htm" [1]
URL:http://www.henryklahola.nazory.cz/Strasb.htm [26651] -> "www.henryklahola.nazory.cz/Strasb.htm" [1]
URL:http://www.henryklahola.nazory.cz/Rozhod.htm [26836] -> "www.henryklahola.nazory.cz/Rozhod.htm" [1]
URL:http://www.henryklahola.nazory.cz/otro.htm [72864] -> "www.henryklahola.nazory.cz/otro.htm" [1]
URL:http://www.henryklahola.nazory.cz/Mravchaos.htm [42769] -> "www.henryklahola.nazory.cz/Mravchaos.htm" [1]
URL:http://www.henryklahola.nazory.cz/Schizofrenie.htm [25464] -> "www.henryklahola.nazory.cz/Schizofrenie.htm" [1]
URL:http://www.henryklahola.nazory.cz/soc.htm [149303] -> "www.henryklahola.nazory.cz/soc.htm" [1]
URL:http://www.henryklahola.nazory.cz/Bulharsko.htm [25369] -> "www.henryklahola.nazory.cz/Bulharsko.htm" [1]
URL:http://www.henryklahola.nazory.cz/Irsko.html [15809] -> "www.henryklahola.nazory.cz/Irsko.html" [1]
URL:http://www.henryklahola.nazory.cz/KLDR.htm [46762] -> "www.henryklahola.nazory.cz/KLDR.htm" [1]
URL:http://www.henryklahola.nazory.cz/Navrhzakona.htm [16119] -> "www.henryklahola.nazory.cz/Navrhzakona.htm" [1]
URL:http://www.henryklahola.nazory.cz/Biskup.htm [126606] -> "www.henryklahola.nazory.cz/Biskup.htm" [1]
URL:http://www.henryklahola.nazory.cz/Humor.htm [51064] -> "www.henryklahola.nazory.cz/Humor.htm" [1]
URL:http://www.henryklahola.nazory.cz/Obama.htm [24490] -> "www.henryklahola.nazory.cz/Obama.htm" [1]
URL:http://www.henryklahola.nazory.cz/LiborHalik.htm [1456195] -> "www.henryklahola.nazory.cz/LiborHalik.htm" [1]
URL:http://www.henryklahola.nazory.cz/esch.htm [44216] -> "www.henryklahola.nazory.cz/esch.htm" [1]
URL:http://www.henryklahola.nazory.cz/kr.htm [66516] -> "www.henryklahola.nazory.cz/kr.htm" [1]
URL:http://www.henryklahola.nazory.cz/pous.html [67020] -> "www.henryklahola.nazory.cz/pous.html" [1]
URL:http://www.henryklahola.nazory.cz/nesm.htm [47762] -> "www.henryklahola.nazory.cz/nesm.htm" [1]
URL:http://www.henryklahola.nazory.cz/Reprezentacni.htm [40725] -> "www.henryklahola.nazory.cz/Reprezentacni.htm" [1]
URL:http://www.henryklahola.nazory.cz/m2.htm [13627] -> "www.henryklahola.nazory.cz/m2.htm" [1]
URL:http://www.henryklahola.nazory.cz/cetba.htm [27320] -> "www.henryklahola.nazory.cz/cetba.htm" [1]
URL:http://www.henryklahola.nazory.cz/Obydli.htm [12763] -> "www.henryklahola.nazory.cz/Obydli.htm" [1]
URL:http://www.henryklahola.nazory.cz/Uckrst.htm [11355] -> "www.henryklahola.nazory.cz/Uckrst.htm" [1]
URL:http://www.henryklahola.nazory.cz/Minvnutra.htm [10855] -> "www.henryklahola.nazory.cz/Minvnutra.htm" [1]
URL:http://www.henryklahola.nazory.cz/Preddom.htm [12411] -> "www.henryklahola.nazory.cz/Preddom.htm" [1]
URL:http://www.henryklahola.nazory.cz/Crodic.htm [9501] -> "www.henryklahola.nazory.cz/Crodic.htm" [1]
URL:http://www.henryklahola.nazory.cz/Prvnid.htm [9426] -> "www.henryklahola.nazory.cz/Prvnid.htm" [1]
URL:http://www.henryklahola.nazory.cz/Jaasle.htm [6551] -> "www.henryklahola.nazory.cz/Jaasle.htm" [1]
URL:http://www.henryklahola.nazory.cz/Tvrdy.htm [11750] -> "www.henryklahola.nazory.cz/Tvrdy.htm" [1]
URL:http://www.henryklahola.nazory.cz/Kamaratka.htm [8003] -> "www.henryklahola.nazory.cz/Kamaratka.htm" [1]
URL:http://www.henryklahola.nazory.cz/Vedledomu.htm [6556] -> "www.henryklahola.nazory.cz/Vedledomu.htm" [1]
URL:http://www.henryklahola.nazory.cz/Vanocce.htm [7493] -> "www.henryklahola.nazory.cz/Vanocce.htm" [1]
URL:http://www.henryklahola.nazory.cz/Sanovani.htm [6685] -> "www.henryklahola.nazory.cz/Sanovani.htm" [1]
URL:http://www.henryklahola.nazory.cz/Doma.htm [6423] -> "www.henryklahola.nazory.cz/Doma.htm" [1]
URL:http://www.henryklahola.nazory.cz/Srodic.htm [7909] -> "www.henryklahola.nazory.cz/Srodic.htm" [1]
URL:http://www.henryklahola.nazory.cz/1969.htm [8680] -> "www.henryklahola.nazory.cz/1969.htm" [1]
URL:http://www.henryklahola.nazory.cz/leka.htm [8816] -> "www.henryklahola.nazory.cz/leka.htm" [1]
URL:http://www.henryklahola.nazory.cz/Spoluz.htm [11284] -> "www.henryklahola.nazory.cz/Spoluz.htm" [1]
URL:http://www.henryklahola.nazory.cz/Autob.htm [9595] -> "www.henryklahola.nazory.cz/Autob.htm" [1]
URL:http://www.henryklahola.nazory.cz/pes.htm [15213] -> "www.henryklahola.nazory.cz/pes.htm" [1]
URL:http://www.henryklahola.nazory.cz/Sunar.htm [7999] -> "www.henryklahola.nazory.cz/Sunar.htm" [1]
URL:http://www.henryklahola.nazory.cz/Triilety.htm [7470] -> "www.henryklahola.nazory.cz/Triilety.htm" [1]
URL:http://www.henryklahola.nazory.cz/auto.htm [11289] -> "www.henryklahola.nazory.cz/auto.htm" [1]
URL:http://www.henryklahola.nazory.cz/korc.htm [17564] -> "www.henryklahola.nazory.cz/korc.htm" [1]
URL:http://www.henryklahola.nazory.cz/hokej.htm [11045] -> "www.henryklahola.nazory.cz/hokej.htm" [1]
URL:http://www.henryklahola.nazory.cz/strk.htm [18736] -> "www.henryklahola.nazory.cz/strk.htm" [1]
URL:http://www.henryklahola.nazory.cz/romantik.htm [11941] -> "www.henryklahola.nazory.cz/romantik.htm" [1]
URL:http://www.henryklahola.nazory.cz/houp.htm [9042] -> "www.henryklahola.nazory.cz/houp.htm" [1]
URL:http://www.henryklahola.nazory.cz/Tretiak.htm [9401] -> "www.henryklahola.nazory.cz/Tretiak.htm" [1]
URL:http://www.henryklahola.nazory.cz/Dvor.htm [11150] -> "www.henryklahola.nazory.cz/Dvor.htm" [1]
URL:http://www.henryklahola.nazory.cz/Sbratrem.htm [8290] -> "www.henryklahola.nazory.cz/Sbratrem.htm" [1]
URL:http://www.henryklahola.nazory.cz/Ujazera.htm [6613] -> "www.henryklahola.nazory.cz/Ujazera.htm" [1]
URL:http://www.henryklahola.nazory.cz/Zlatepiesky.htm [14117] -> "www.henryklahola.nazory.cz/Zlatepiesky.htm" [1]
URL:http://www.henryklahola.nazory.cz/Partyzanluka.htm [7511] -> "www.henryklahola.nazory.cz/Partyzanluka.htm" [1]
URL:http://www.henryklahola.nazory.cz/Lednice.htm [8301] -> "www.henryklahola.nazory.cz/Lednice.htm" [1]
URL:http://www.henryklahola.nazory.cz/Hul.htm [18961] -> "www.henryklahola.nazory.cz/Hul.htm" [1]
URL:http://www.henryklahola.nazory.cz/vod.htm [18736] -> "www.henryklahola.nazory.cz/vod.htm" [1]
URL:http://www.henryklahola.nazory.cz/rid.htm [7249] -> "www.henryklahola.nazory.cz/rid.htm" [1]
URL:http://www.henryklahola.nazory.cz/obp.htm [8759] -> "www.henryklahola.nazory.cz/obp.htm" [1]
URL:http://www.henryklahola.nazory.cz/cp.htm [8137] -> "www.henryklahola.nazory.cz/cp.htm" [1]
URL:http://www.henryklahola.nazory.cz/Kletba.htm [25599] -> "www.henryklahola.nazory.cz/Kletba.htm" [1]
URL:http://www.henryklahola.nazory.cz/Vysklet.htm [25602] -> "www.henryklahola.nazory.cz/Vysklet.htm" [1]
URL:http://www.henryklahola.nazory.cz/Advent.htm [8504] -> "www.henryklahola.nazory.cz/Advent.htm" [1]
URL:http://www.henryklahola.nazory.cz/Statistika.txt [1183167/1183167] -> "www.henryklahola.nazory.cz/Statistika.txt" [1]
URL:http://www.henryklahola.nazory.cz/gen.htm [45498] -> "www.henryklahola.nazory.cz/gen.htm" [1]
URL:http://www.henryklahola.nazory.cz/dyky.htm [12234] -> "www.henryklahola.nazory.cz/dyky.htm" [1]
URL:http://www.henryklahola.nazory.cz/pristav.htm [13427] -> "www.henryklahola.nazory.cz/pristav.htm" [1]
URL:http://www.henryklahola.nazory.cz/Arogance.htm [12492] -> "www.henryklahola.nazory.cz/Arogance.htm" [1]
URL:http://www.henryklahola.nazory.cz/Volby2010.htm [34880] -> "www.henryklahola.nazory.cz/Volby2010.htm" [1]
URL:http://www.henryklahola.nazory.cz/Barbarstvi.htm [10969] -> "www.henryklahola.nazory.cz/Barbarstvi.htm" [1]
URL:http://www.henryklahola.nazory.cz/kec.htm [9171] -> "www.henryklahola.nazory.cz/kec.htm" [1]
URL:http://www.henryklahola.nazory.cz/kausa.htm [84239] -> "www.henryklahola.nazory.cz/kausa.htm" [1]
URL:http://www.henryklahola.nazory.cz/zrada.htm [34407] -> "www.henryklahola.nazory.cz/zrada.htm" [1]
URL:http://www.henryklahola.nazory.cz/navrh.htm [78843] -> "www.henryklahola.nazory.cz/navrh.htm" [1]
URL:http://www.henryklahola.nazory.cz/usnes.htm [34355] -> "www.henryklahola.nazory.cz/usnes.htm" [1]
URL:http://www.henryklahola.nazory.cz/prk.htm [32322] -> "www.henryklahola.nazory.cz/prk.htm" [1]
URL:http://www.henryklahola.nazory.cz/his.htm [125822] -> "www.henryklahola.nazory.cz/his.htm" [1]
URL:http://www.henryklahola.nazory.cz/Popelnice.htm [71453] -> "www.henryklahola.nazory.cz/Popelnice.htm" [1]
URL:http://www.henryklahola.nazory.cz/Skrab.htm [23384] -> "www.henryklahola.nazory.cz/Skrab.htm" [1]
URL:http://www.henryklahola.nazory.cz/inf.htm [71982] -> "www.henryklahola.nazory.cz/inf.htm" [1]
URL:http://www.henryklahola.nazory.cz/PavMan.htm [16979] -> "www.henryklahola.nazory.cz/PavMan.htm" [1]
URL:http://www.henryklahola.nazory.cz/Erb.htm [16708] -> "www.henryklahola.nazory.cz/Erb.htm" [1]
URL:http://www.henryklahola.nazory.cz/Maria1904.htm [32486] -> "www.henryklahola.nazory.cz/Maria1904.htm" [1]
URL:http://www.henryklahola.nazory.cz/dp.htm [44732] -> "www.henryklahola.nazory.cz/dp.htm" [1]
URL:http://www.henryklahola.nazory.cz/df.htm [34722] -> "www.henryklahola.nazory.cz/df.htm" [1]
URL:http://www.henryklahola.nazory.cz/mp.htm [33658] -> "www.henryklahola.nazory.cz/mp.htm" [1]
URL:http://www.henryklahola.nazory.cz/mf.htm [55999] -> "www.henryklahola.nazory.cz/mf.htm" [1]
URL:http://www.henryklahola.nazory.cz/pd.htm [22429] -> "www.henryklahola.nazory.cz/pd.htm" [1]
URL:http://www.henryklahola.nazory.cz/fd.htm [14173] -> "www.henryklahola.nazory.cz/fd.htm" [1]
URL:http://www.henryklahola.nazory.cz/pm.htm [24596] -> "www.henryklahola.nazory.cz/pm.htm" [1]
URL:http://www.henryklahola.nazory.cz/fm.htm [15174] -> "www.henryklahola.nazory.cz/fm.htm" [1]
URL:http://www.henryklahola.nazory.cz/dm.htm [9592] -> "www.henryklahola.nazory.cz/dm.htm" [1]
URL:http://www.henryklahola.nazory.cz/kj.htm [8083] -> "www.henryklahola.nazory.cz/kj.htm" [1]
URL:http://www.henryklahola.nazory.cz/pk.htm [9408] -> "www.henryklahola.nazory.cz/pk.htm" [1]
URL:http://www.henryklahola.nazory.cz/sv.htm [8063] -> "www.henryklahola.nazory.cz/sv.htm" [1]
URL:http://www.henryklahola.nazory.cz/Dipl.htm [30022] -> "www.henryklahola.nazory.cz/Dipl.htm" [1]
URL:http://www.henryklahola.nazory.cz/brno.htm [6440] -> "www.henryklahola.nazory.cz/brno.htm" [1]
URL:http://www.henryklahola.nazory.cz/rod.htm [13651] -> "www.henryklahola.nazory.cz/rod.htm" [1]
URL:http://www.henryklahola.nazory.cz/sam.htm [6404] -> "www.henryklahola.nazory.cz/sam.htm" [1]
URL:http://www.henryklahola.nazory.cz/klid.htm [19909] -> "www.henryklahola.nazory.cz/klid.htm" [1]
URL:http://www.henryklahola.nazory.cz/kol.htm [49194] -> "www.henryklahola.nazory.cz/kol.htm" [1]
URL:http://www.henryklahola.nazory.cz/Babice_382.html [4584] -> "www.henryklahola.nazory.cz/Babice_382.html" [1]
URL:http://www.henryklahola.nazory.cz/Babice_379.html [4459] -> "www.henryklahola.nazory.cz/Babice_379.html" [1]
URL:http://www.henryklahola.nazory.cz/Babice_381.html [4459] -> "www.henryklahola.nazory.cz/Babice_381.html" [1]
URL:http://www.henryklahola.nazory.cz/Babice_380.html [4459] -> "www.henryklahola.nazory.cz/Babice_380.html" [1]
URL:http://www.henryklahola.nazory.cz/Babice_357.html [4459] -> "www.henryklahola.nazory.cz/Babice_357.html" [1]
URL:http://www.henryklahola.nazory.cz/Babice_358.html [4459] -> "www.henryklahola.nazory.cz/Babice_358.html" [1]
URL:http://www.henryklahola.nazory.cz/Babice_342.html [4460] -> "www.henryklahola.nazory.cz/Babice_342.html" [1]
URL:http://www.henryklahola.nazory.cz/Babice_341.html [4502] -> "www.henryklahola.nazory.cz/Babice_341.html" [1]
URL:http://www.henryklahola.nazory.cz/Babice_383.html [4481] -> "www.henryklahola.nazory.cz/Babice_383.html" [1]
URL:http://www.henryklahola.nazory.cz/Babice_344.html [4460] -> "www.henryklahola.nazory.cz/Babice_344.html" [1]
URL:http://www.henryklahola.nazory.cz/Babice_345.html [4460] -> "www.henryklahola.nazory.cz/Babice_345.html" [1]
URL:http://www.henryklahola.nazory.cz/Babice_346.html [4481] -> "www.henryklahola.nazory.cz/Babice_346.html" [1]
URL:http://www.henryklahola.nazory.cz/Babice_343.html [4460] -> "www.henryklahola.nazory.cz/Babice_343.html" [1]
URL:http://www.henryklahola.nazory.cz/Babice_352.html [4481] -> "www.henryklahola.nazory.cz/Babice_352.html" [1]
URL:http://www.henryklahola.nazory.cz/Babice_353.html [4460] -> "www.henryklahola.nazory.cz/Babice_353.html" [1]
URL:http://www.henryklahola.nazory.cz/Babice_354.html [4460] -> "www.henryklahola.nazory.cz/Babice_354.html" [1]
URL:http://www.henryklahola.nazory.cz/Babice_355.html [4460] -> "www.henryklahola.nazory.cz/Babice_355.html" [1]
URL:http://www.henryklahola.nazory.cz/Babice_356.html [4481] -> "www.henryklahola.nazory.cz/Babice_356.html" [1]
URL:http://www.henryklahola.nazory.cz/Babice_350.html [4481] -> "www.henryklahola.nazory.cz/Babice_350.html" [1]
URL:http://www.henryklahola.nazory.cz/Babice_348.html [4459] -> "www.henryklahola.nazory.cz/Babice_348.html" [1]
URL:http://www.henryklahola.nazory.cz/Babice_349.html [4459] -> "www.henryklahola.nazory.cz/Babice_349.html" [1]
URL:http://www.henryklahola.nazory.cz/Babice_351.html [4459] -> "www.henryklahola.nazory.cz/Babice_351.html" [1]
URL:http://www.henryklahola.nazory.cz/Babice_340.html [4459] -> "www.henryklahola.nazory.cz/Babice_340.html" [1]
URL:http://www.henryklahola.nazory.cz/Babice_339.html [4459] -> "www.henryklahola.nazory.cz/Babice_339.html" [1]
URL:http://www.henryklahola.nazory.cz/Babice_373.html [4460] -> "www.henryklahola.nazory.cz/Babice_373.html" [1]
URL:http://www.henryklahola.nazory.cz/Babice_366.html [4479] -> "www.henryklahola.nazory.cz/Babice_366.html" [1]
URL:http://www.henryklahola.nazory.cz/Babice_368.html [4479] -> "www.henryklahola.nazory.cz/Babice_368.html" [1]
URL:http://www.henryklahola.nazory.cz/Babice_367.html [4469] -> "www.henryklahola.nazory.cz/Babice_367.html" [1]
URL:http://www.henryklahola.nazory.cz/Babice_370.html [4479] -> "www.henryklahola.nazory.cz/Babice_370.html" [1]
URL:http://www.henryklahola.nazory.cz/Babice_371.html [4454] -> "www.henryklahola.nazory.cz/Babice_371.html" [1]
URL:http://www.henryklahola.nazory.cz/Babice_361.html [4479] -> "www.henryklahola.nazory.cz/Babice_361.html" [1]
URL:http://www.henryklahola.nazory.cz/Babice_375.html [4462] -> "www.henryklahola.nazory.cz/Babice_375.html" [1]
URL:http://www.henryklahola.nazory.cz/Babice_378.html [4457] -> "www.henryklahola.nazory.cz/Babice_378.html" [1]
URL:http://www.henryklahola.nazory.cz/Babice_376.html [4479] -> "www.henryklahola.nazory.cz/Babice_376.html" [1]
URL:http://www.henryklahola.nazory.cz/Babice_372.html [4479] -> "www.henryklahola.nazory.cz/Babice_372.html" [1]
URL:http://www.henryklahola.nazory.cz/Babice_374.html [4481] -> "www.henryklahola.nazory.cz/Babice_374.html" [1]
URL:http://www.henryklahola.nazory.cz/Babice_359.html [4563] -> "www.henryklahola.nazory.cz/Babice_359.html" [1]
URL:http://www.henryklahola.nazory.cz/Kon.wma [475136/475136] -> "www.henryklahola.nazory.cz/Kon.wma" [1]
0 redirections exceeded.
0 redirections exceeded.
0 redirections exceeded.
0 redirections exceeded.
0 redirections exceeded.
0 redirections exceeded.
0 redirections exceeded.
0 redirections exceeded.
0 redirections exceeded.
0 redirections exceeded.
0 redirections exceeded.
0 redirections exceeded.
0 redirections exceeded.
0 redirections exceeded.
0 redirections exceeded.
0 redirections exceeded.
0 redirections exceeded.
0 redirections exceeded.
0 redirections exceeded.
0 redirections exceeded.
0 redirections exceeded.
0 redirections exceeded.
0 redirections exceeded.
0 redirections exceeded.
0 redirections exceeded.
0 redirections exceeded.
0 redirections exceeded.
0 redirections exceeded.
0 redirections exceeded.
0 redirections exceeded.
0 redirections exceeded.
0 redirections exceeded.
0 redirections exceeded.
0 redirections exceeded.
0 redirections exceeded.
0 redirections exceeded.
0 redirections exceeded.
0 redirections exceeded.
0 redirections exceeded.
0 redirections exceeded.
0 redirections exceeded.
0 redirections exceeded.
0 redirections exceeded.
0 redirections exceeded.
0 redirections exceeded.
0 redirections exceeded.
0 redirections exceeded.
0 redirections exceeded.
0 redirections exceeded.
0 redirections exceeded.
0 redirections exceeded.
0 redirections exceeded.
0 redirections exceeded.
0 redirections exceeded.
0 redirections exceeded.
0 redirections exceeded.
0 redirections exceeded.
0 redirections exceeded.
0 redirections exceeded.
0 redirections exceeded.
0 redirections exceeded.
0 redirections exceeded.
0 redirections exceeded.
0 redirections exceeded.
0 redirections exceeded.
0 redirections exceeded.
0 redirections exceeded.
0 redirections exceeded.
0 redirections exceeded.
0 redirections exceeded.
0 redirections exceeded.
0 redirections exceeded.
0 redirections exceeded.
0 redirections exceeded.
0 redirections exceeded.
URL:http://www.henryklahola.nazory.cz/ProgramDS.htm [54331] -> "www.henryklahola.nazory.cz/ProgramDS.htm" [1]
0 redirections exceeded.
URL:http://www.henryklahola.nazory.cz/Buz.htm [41770] -> "www.henryklahola.nazory.cz/Buz.htm" [1]
URL:http://www.henryklahola.nazory.cz/254Vyta.htm [6432] -> "www.henryklahola.nazory.cz/254Vyta.htm" [1]
URL:http://www.henryklahola.nazory.cz/252Vyta.htm [5972] -> "www.henryklahola.nazory.cz/252Vyta.htm" [1]
URL:http://www.henryklahola.nazory.cz/Vyta253.htm [5954] -> "www.henryklahola.nazory.cz/Vyta253.htm" [1]
URL:http://www.henryklahola.nazory.cz/Vyta255.htm [5886] -> "www.henryklahola.nazory.cz/Vyta255.htm" [1]
URL:http://www.henryklahola.nazory.cz/Vyta282.htm [5919] -> "www.henryklahola.nazory.cz/Vyta282.htm" [1]
URL:http://www.henryklahola.nazory.cz/Vyta241.htm [6184] -> "www.henryklahola.nazory.cz/Vyta241.htm" [1]
URL:http://www.henryklahola.nazory.cz/Vyta242.htm [6158] -> "www.henryklahola.nazory.cz/Vyta242.htm" [1]
URL:http://www.henryklahola.nazory.cz/Vyta243.htm [7662] -> "www.henryklahola.nazory.cz/Vyta243.htm" [1]
URL:http://www.henryklahola.nazory.cz/Vyta251.htm [5780] -> "www.henryklahola.nazory.cz/Vyta251.htm" [1]
URL:http://www.henryklahola.nazory.cz/Vyta283.htm [5832] -> "www.henryklahola.nazory.cz/Vyta283.htm" [1]
URL:http://www.henryklahola.nazory.cz/Vyta281.htm [5810] -> "www.henryklahola.nazory.cz/Vyta281.htm" [1]
URL:http://www.henryklahola.nazory.cz/Vyta261.htm [8091] -> "www.henryklahola.nazory.cz/Vyta261.htm" [1]
URL:http://www.henryklahola.nazory.cz/Vyta272.htm [5913] -> "www.henryklahola.nazory.cz/Vyta272.htm" [1]
URL:http://www.henryklahola.nazory.cz/Vyta273.htm [5959] -> "www.henryklahola.nazory.cz/Vyta273.htm" [1]
URL:http://www.henryklahola.nazory.cz/Vyta284.htm [7748] -> "www.henryklahola.nazory.cz/Vyta284.htm" [1]
URL:http://www.henryklahola.nazory.cz/Vyta271.htm [6728] -> "www.henryklahola.nazory.cz/Vyta271.htm" [1]
URL:http://www.henryklahola.nazory.cz/Vyta274.htm [6125] -> "www.henryklahola.nazory.cz/Vyta274.htm" [1]
URL:http://www.henryklahola.nazory.cz/buda.htm [6471] -> "www.henryklahola.nazory.cz/buda.htm" [1]
URL:http://www.henryklahola.nazory.cz/socha.htm [6629] -> "www.henryklahola.nazory.cz/socha.htm" [1]
URL:http://www.henryklahola.nazory.cz/slon.htm [41775] -> "www.henryklahola.nazory.cz/slon.htm" [1]
URL:http://www.henryklahola.nazory.cz/zira.htm [17922] -> "www.henryklahola.nazory.cz/zira.htm" [1]
URL:http://www.henryklahola.nazory.cz/lod.htm [7943] -> "www.henryklahola.nazory.cz/lod.htm" [1]
URL:http://www.henryklahola.nazory.cz/Tito.htm [5322] -> "www.henryklahola.nazory.cz/Tito.htm" [1]
0 redirections exceeded.
0 redirections exceeded.
0 redirections exceeded.
0 redirections exceeded.
0 redirections exceeded.
0 redirections exceeded.
0 redirections exceeded.
0 redirections exceeded.
0 redirections exceeded.
0 redirections exceeded.
0 redirections exceeded.
0 redirections exceeded.
0 redirections exceeded.
0 redirections exceeded.
0 redirections exceeded.
0 redirections exceeded.
0 redirections exceeded.
0 redirections exceeded.
0 redirections exceeded.
0 redirections exceeded.
0 redirections exceeded.
0 redirections exceeded.
0 redirections exceeded.
0 redirections exceeded.
0 redirections exceeded.
0 redirections exceeded.
0 redirections exceeded.
0 redirections exceeded.
0 redirections exceeded.
0 redirections exceeded.
0 redirections exceeded.
0 redirections exceeded.
0 redirections exceeded.
0 redirections exceeded.
0 redirections exceeded.
0 redirections exceeded.
0 redirections exceeded.
0 redirections exceeded.
0 redirections exceeded.
0 redirections exceeded.
0 redirections exceeded.
0 redirections exceeded.
0 redirections exceeded.
0 redirections exceeded.
0 redirections exceeded.
0 redirections exceeded.
0 redirections exceeded.
0 redirections exceeded.
0 redirections exceeded.
0 redirections exceeded.
0 redirections exceeded.
0 redirections exceeded.
0 redirections exceeded.
0 redirections exceeded.
0 redirections exceeded.
0 redirections exceeded.
0 redirections exceeded.
0 redirections exceeded.
FINISHED
Downloaded: 431 files, 33M 
